Using pre-set license
Built from '2023.1/staging' branch; Version is '2023.1.1f1 (46620eadcc07) revision 4612622'; Using compiler version '192829333'; Build Type 'Release'
OS: 'Windows 11  (10.0.22631) 64bit Professional' Language: 'en' Physical Memory: 16011 MB
BatchMode: 1, IsHumanControllingUs: 0, StartBugReporterOnCrash: 0, Is64bit: 1, IsPro: 1

COMMAND LINE ARGUMENTS:
C:\Program Files\Unity\Hub\Editor\2023.1.1f1\Editor\Unity.exe
-adb2
-batchMode
-noUpm
-name
AssetImportWorker1
-projectPath
C:/Work/UI
-logFile
Logs/AssetImportWorker1.log
-srvPort
59154
Successfully changed project path to: C:/Work/UI
C:/Work/UI
[UnityMemory] Configuration Parameters - Can be set up in boot.config
    "memorysetup-bucket-allocator-granularity=16"
    "memorysetup-bucket-allocator-bucket-count=8"
    "memorysetup-bucket-allocator-block-size=33554432"
    "memorysetup-bucket-allocator-block-count=8"
    "memorysetup-main-allocator-block-size=16777216"
    "memorysetup-thread-allocator-block-size=16777216"
    "memorysetup-gfx-main-allocator-block-size=16777216"
    "memorysetup-gfx-thread-allocator-block-size=16777216"
    "memorysetup-cache-allocator-block-size=4194304"
    "memorysetup-typetree-allocator-block-size=2097152"
    "memorysetup-profiler-bucket-allocator-granularity=16"
    "memorysetup-profiler-bucket-allocator-bucket-count=8"
    "memorysetup-profiler-bucket-allocator-block-size=33554432"
    "memorysetup-profiler-bucket-allocator-block-count=8"
    "memorysetup-profiler-allocator-block-size=16777216"
    "memorysetup-profiler-editor-allocator-block-size=1048576"
    "memorysetup-temp-allocator-size-main=16777216"
    "memorysetup-job-temp-allocator-block-size=2097152"
    "memorysetup-job-temp-allocator-block-size-background=1048576"
    "memorysetup-job-temp-allocator-reduction-small-platforms=262144"
    "memorysetup-allocator-temp-initial-block-size-main=262144"
    "memorysetup-allocator-temp-initial-block-size-worker=262144"
    "memorysetup-temp-allocator-size-background-worker=32768"
    "memorysetup-temp-allocator-size-job-worker=262144"
    "memorysetup-temp-allocator-size-preload-manager=33554432"
    "memorysetup-temp-allocator-size-nav-mesh-worker=65536"
    "memorysetup-temp-allocator-size-audio-worker=65536"
    "memorysetup-temp-allocator-size-cloud-worker=32768"
    "memorysetup-temp-allocator-size-gi-baking-worker=262144"
    "memorysetup-temp-allocator-size-gfx=262144"
Player connection [18488] Host "[IP] 192.168.100.59 [Port] 0 [Flags] 2 [Guid] 2012091005 [EditorId] 2012091005 [Version] 1048832 [Id] WindowsEditor(7,WIN-E7NBMGN5ME5) [Debug] 1 [PackageName] WindowsEditor [ProjectName] Editor" joined multi-casting on [225.0.0.222:54997]...

Player connection [18488] Host "[IP] 192.168.100.59 [Port] 0 [Flags] 2 [Guid] 2012091005 [EditorId] 2012091005 [Version] 1048832 [Id] WindowsEditor(7,WIN-E7NBMGN5ME5) [Debug] 1 [PackageName] WindowsEditor [ProjectName] Editor" joined alternative multi-casting on [225.0.0.222:34997]...

Library Redirect Path: Library/Refreshing native plugins compatible for Editor in 6.45 ms, found 4 plugins.
Preloading 0 native plugins for Editor in 0.00 ms.
Initialize engine version: 2023.1.1f1 (46620eadcc07)
[Subsystems] Discovering subsystems at path C:/Program Files/Unity/Hub/Editor/2023.1.1f1/Editor/Data/Resources/UnitySubsystems
[Subsystems] Discovering subsystems at path C:/Work/UI/Assets
GfxDevice: creating device client; threaded=0; jobified=0
Direct3D:
    Version:  Direct3D 11.0 [level 11.1]
    Renderer: NVIDIA GeForce RTX 4050 Laptop GPU (ID=0x28e1)
    Vendor:   NVIDIA
    VRAM:     5935 MB
    Driver:   31.0.15.3645
Initialize mono
Mono path[0] = 'C:/Program Files/Unity/Hub/Editor/2023.1.1f1/Editor/Data/Managed'
Mono path[1] = 'C:/Program Files/Unity/Hub/Editor/2023.1.1f1/Editor/Data/MonoBleedingEdge/lib/mono/unityjit-win32'
Mono config path = 'C:/Program Files/Unity/Hub/Editor/2023.1.1f1/Editor/Data/MonoBleedingEdge/etc'
Using monoOptions --debugger-agent=transport=dt_socket,embedding=1,server=y,suspend=n,address=127.0.0.1:56484
Begin MonoManager ReloadAssembly
C:\build\output\Unity-Technologies\mono\mono\metadata\icall.c:1842:
C:\build\output\Unity-Technologies\mono\mono\metadata\icall.c:1842:
C:\build\output\Unity-Technologies\mono\mono\metadata\icall.c:1842:
C:\build\output\Unity-Technologies\mono\mono\metadata\icall.c:1842:
C:\build\output\Unity-Technologies\mono\mono\metadata\icall.c:1842:
C:\build\output\Unity-Technologies\mono\mono\metadata\icall.c:1842:
C:\build\output\Unity-Technologies\mono\mono\metadata\icall.c:1842:
C:\build\output\Unity-Technologies\mono\mono\metadata\icall.c:1842:
C:\build\output\Unity-Technologies\mono\mono\metadata\icall.c:1842:
C:\build\output\Unity-Technologies\mono\mono\metadata\icall.c:1842:
Registering precompiled unity dll's ...
Register platform support module: C:/Program Files/Unity/Hub/Editor/2023.1.1f1/Editor/Data/PlaybackEngines/WebGLSupport/UnityEditor.WebGL.Extensions.dll
Register platform support module: C:/Program Files/Unity/Hub/Editor/2023.1.1f1/Editor/Data/PlaybackEngines/WindowsStandaloneSupport/UnityEditor.WindowsStandalone.Extensions.dll
Register platform support module: C:/Program Files/Unity/Hub/Editor/2023.1.1f1/Editor/Data/PlaybackEngines/AndroidPlayer/UnityEditor.Android.Extensions.dll
Registered in 0.002685 seconds.
- Loaded All Assemblies, in  0.321 seconds
Native extension for Android target not found
Android Extension - Scanning For ADB Devices 196 ms
Native extension for WindowsStandalone target not found
Native extension for WebGL target not found
Mono: successfully reloaded assembly
C:\build\output\Unity-Technologies\mono\mono\metadata\icall.c:1842:
C:\build\output\Unity-Technologies\mono\mono\metadata\icall.c:1842:
- Finished resetting the current domain, in  0.488 seconds
Domain Reload Profiling: 808ms
	BeginReloadAssembly (99ms)
		ExecutionOrderSort (0ms)
		DisableScriptedObjects (0ms)
		BackupInstance (0ms)
		ReleaseScriptingObjects (0ms)
		CreateAndSetChildDomain (1ms)
	RebuildCommonClasses (27ms)
	RebuildNativeTypeToScriptingClass (8ms)
	initialDomainReloadingComplete (42ms)
	LoadAllAssembliesAndSetupDomain (143ms)
		LoadAssemblies (98ms)
		RebuildTransferFunctionScriptingTraits (0ms)
		AnalyzeDomain (138ms)
			TypeCache.Refresh (137ms)
				TypeCache.ScanAssembly (127ms)
			ScanForSourceGeneratedMonoScriptInfo (0ms)
			ResolveRequiredComponents (0ms)
	FinalizeReload (488ms)
		ReleaseScriptCaches (0ms)
		RebuildScriptCaches (0ms)
		SetupLoadedEditorAssemblies (453ms)
			LogAssemblyErrors (0ms)
			InitializePlatformSupportModulesInManaged (279ms)
			SetLoadedEditorAssemblies (2ms)
			BeforeProcessingInitializeOnLoad (5ms)
			ProcessInitializeOnLoadAttributes (115ms)
			ProcessInitializeOnLoadMethodAttributes (51ms)
			AfterProcessingInitializeOnLoad (0ms)
			EditorAssembliesLoaded (0ms)
		ExecutionOrderSort2 (0ms)
		AwakeInstancesAfterBackupRestoration (0ms)
========================================================================
Worker process is ready to serve import requests
Import Worker Mode flag is 0x00
Begin MonoManager ReloadAssembly
C:\build\output\Unity-Technologies\mono\mono\metadata\icall.c:1842:
C:\build\output\Unity-Technologies\mono\mono\metadata\icall.c:1842:
C:\build\output\Unity-Technologies\mono\mono\metadata\icall.c:1842:
C:\build\output\Unity-Technologies\mono\mono\metadata\icall.c:1842:
C:\build\output\Unity-Technologies\mono\mono\metadata\icall.c:1842:
C:\build\output\Unity-Technologies\mono\mono\metadata\icall.c:1842:
C:\build\output\Unity-Technologies\mono\mono\metadata\icall.c:1842:
C:\build\output\Unity-Technologies\mono\mono\metadata\icall.c:1842:
C:\build\output\Unity-Technologies\mono\mono\metadata\icall.c:1842:
C:\build\output\Unity-Technologies\mono\mono\metadata\icall.c:1842:
C:\build\output\Unity-Technologies\mono\mono\metadata\icall.c:1842:
C:\build\output\Unity-Technologies\mono\mono\metadata\icall.c:1842:
Symbol file LoadedFromMemory doesn't match image C:\Work\UI\Library\PackageCache\com.unity.visualscripting@1.8.0\Editor\VisualScripting.Core\Dependencies\YamlDotNet\Unity.VisualScripting.YamlDotNet.dll
Symbol file LoadedFromMemory doesn't match image C:\Work\UI\Library\PackageCache\com.unity.visualscripting@1.8.0\Editor\VisualScripting.Core\Dependencies\DotNetZip\Unity.VisualScripting.IonicZip.dll
- Loaded All Assemblies, in  0.775 seconds
Refreshing native plugins compatible for Editor in 1.68 ms, found 4 plugins.
Native extension for Android target not found
Native extension for WindowsStandalone target not found
Native extension for WebGL target not found
Mono: successfully reloaded assembly
- Finished resetting the current domain, in  0.644 seconds
Domain Reload Profiling: 1417ms
	BeginReloadAssembly (228ms)
		ExecutionOrderSort (0ms)
		DisableScriptedObjects (5ms)
		BackupInstance (0ms)
		ReleaseScriptingObjects (0ms)
		CreateAndSetChildDomain (29ms)
	RebuildCommonClasses (28ms)
	RebuildNativeTypeToScriptingClass (10ms)
	initialDomainReloadingComplete (39ms)
	LoadAllAssembliesAndSetupDomain (468ms)
		LoadAssemblies (246ms)
		RebuildTransferFunctionScriptingTraits (0ms)
		AnalyzeDomain (292ms)
			TypeCache.Refresh (271ms)
				TypeCache.ScanAssembly (256ms)
			ScanForSourceGeneratedMonoScriptInfo (17ms)
			ResolveRequiredComponents (3ms)
	FinalizeReload (644ms)
		ReleaseScriptCaches (0ms)
		RebuildScriptCaches (0ms)
		SetupLoadedEditorAssemblies (380ms)
			LogAssemblyErrors (0ms)
			InitializePlatformSupportModulesInManaged (23ms)
			SetLoadedEditorAssemblies (3ms)
			BeforeProcessingInitializeOnLoad (76ms)
			ProcessInitializeOnLoadAttributes (247ms)
			ProcessInitializeOnLoadMethodAttributes (29ms)
			AfterProcessingInitializeOnLoad (3ms)
			EditorAssembliesLoaded (0ms)
		ExecutionOrderSort2 (0ms)
		AwakeInstancesAfterBackupRestoration (9ms)
Launched and connected shader compiler UnityShaderCompiler.exe after 0.02 seconds
Refreshing native plugins compatible for Editor in 2.84 ms, found 4 plugins.
Preloading 0 native plugins for Editor in 0.00 ms.
Unloading 4121 Unused Serialized files (Serialized files now loaded: 0)
Unloading 63 unused Assets / (56.6 KB). Loaded Objects now: 4666.
Memory consumption went from 152.2 MB to 152.1 MB.
Total: 4.455300 ms (FindLiveObjects: 0.266100 ms CreateObjectMapping: 0.149500 ms MarkObjects: 3.836800 ms  DeleteObjects: 0.201200 ms)

AssetImportParameters requested are different than current active one (requested -> active):
  custom:video-decoder-webm-vp8: 9c59270c3fd7afecdb556c50c9e8de78 -> 
  custom:audio-encoder-webm-vorbis: bf7c407c2cedff20999df2af8eb42d56 -> 
  custom:AudioImporter_EditorPlatform: d09bf68614088b80899f8185d706f6e7 -> 
  custom:audio-decoder-ogg-vorbis: bf7c407c2cedff20999df2af8eb42d56 -> 
  custom:video-encoder-webm-vp8: eb34c28f22e8b96e1ab97ce403110664 -> 
  custom:container-demuxer-ogg: 62fdf1f143b41e24485cea50d1cbac27 -> 
  custom:framework-win-MediaFoundation: 216162199b28c13a410421893ffa2e32 -> 
  custom:video-decoder-ogg-theora: a1e56fd34408186e4bbccfd4996cb3dc -> 
  custom:container-muxer-webm: aa71ff27fc2769a1b78a27578f13a17b -> 
  custom:video-codec-MediaFoundation-h265: 746d11721c4dcdbdad8f713fa42b33f4 -> 
  custom:container-demuxer-webm: 4f35f7cbe854078d1ac9338744f61a02 -> 
========================================================================
Received Import Request.
  Time since last request: 80437.204072 seconds.
  path: Assets/Resources/UI/Main/AddDeviceWindow.prefab
  artifactKey: Guid(b5f6b23f745ed82488bd105f1d036dfb) Importer(815301076,1909f56bfc062723c751e8b465ee728b)
Start importing Assets/Resources/UI/Main/AddDeviceWindow.prefab using Guid(b5f6b23f745ed82488bd105f1d036dfb) Importer(815301076,1909f56bfc062723c751e8b465ee728b)  -> (artifact id: '7994540ab350d2e8e67e4fe1e754a974') in 0.092706 seconds
Number of updated asset objects reloaded before import = 0
Number of asset objects unloaded after import = 137
========================================================================
Received Import Request.
  Time since last request: 0.000031 seconds.
  path: Assets/Resources/UI/Main/NameInputField.prefab
  artifactKey: Guid(951092f00fc51cc4baec79c75dbffad9) Importer(815301076,1909f56bfc062723c751e8b465ee728b)
Start importing Assets/Resources/UI/Main/NameInputField.prefab using Guid(951092f00fc51cc4baec79c75dbffad9) Importer(815301076,1909f56bfc062723c751e8b465ee728b)  -> (artifact id: '28f4f90a53371707918b3a31b23fb56a') in 0.018281 seconds
Number of updated asset objects reloaded before import = 0
Number of asset objects unloaded after import = 29
========================================================================
Received Import Request.
  Time since last request: 667.248227 seconds.
  path: Assets/Resources/UI/UI.prefab
  artifactKey: Guid(e62e346cc6f170d448ab4fff80753336) Importer(815301076,1909f56bfc062723c751e8b465ee728b)
Start importing Assets/Resources/UI/UI.prefab using Guid(e62e346cc6f170d448ab4fff80753336) Importer(815301076,1909f56bfc062723c751e8b465ee728b)  -> (artifact id: '0ec99aaeafe4fa78c201ea355f4c2707') in 0.017338 seconds
Number of updated asset objects reloaded before import = 0
Number of asset objects unloaded after import = 48
========================================================================
Received Import Request.
  Time since last request: 1.948158 seconds.
  path: Assets/Resources/UI/UI.prefab
  artifactKey: Guid(e62e346cc6f170d448ab4fff80753336) Importer(815301076,1909f56bfc062723c751e8b465ee728b)
Start importing Assets/Resources/UI/UI.prefab using Guid(e62e346cc6f170d448ab4fff80753336) Importer(815301076,1909f56bfc062723c751e8b465ee728b)  -> (artifact id: '682ba6ac59f0d13455deaaaa70b79c09') in 0.015615 seconds
Number of updated asset objects reloaded before import = 0
Number of asset objects unloaded after import = 48
========================================================================
Received Import Request.
  Time since last request: 869.204990 seconds.
  path: Assets/Resources/UI/Main/NameInputField.prefab
  artifactKey: Guid(951092f00fc51cc4baec79c75dbffad9) Importer(815301076,1909f56bfc062723c751e8b465ee728b)
Start importing Assets/Resources/UI/Main/NameInputField.prefab using Guid(951092f00fc51cc4baec79c75dbffad9) Importer(815301076,1909f56bfc062723c751e8b465ee728b)  -> (artifact id: '2524c5a0ec1598cac014afd1b272b624') in 0.017954 seconds
Number of updated asset objects reloaded before import = 0
Number of asset objects unloaded after import = 29
========================================================================
Received Import Request.
  Time since last request: 3.385676 seconds.
  path: Assets/Resources/UI/Main/NameInputField.prefab
  artifactKey: Guid(951092f00fc51cc4baec79c75dbffad9) Importer(815301076,1909f56bfc062723c751e8b465ee728b)
Start importing Assets/Resources/UI/Main/NameInputField.prefab using Guid(951092f00fc51cc4baec79c75dbffad9) Importer(815301076,1909f56bfc062723c751e8b465ee728b)  -> (artifact id: 'bf0a4a22f3253e5b0ea3c8e824a1f9b4') in 0.016691 seconds
Number of updated asset objects reloaded before import = 0
Number of asset objects unloaded after import = 30
========================================================================
Received Import Request.
  Time since last request: 2.016895 seconds.
  path: Assets/Resources/UI/Main/NameInputField.prefab
  artifactKey: Guid(951092f00fc51cc4baec79c75dbffad9) Importer(815301076,1909f56bfc062723c751e8b465ee728b)
Start importing Assets/Resources/UI/Main/NameInputField.prefab using Guid(951092f00fc51cc4baec79c75dbffad9) Importer(815301076,1909f56bfc062723c751e8b465ee728b)  -> (artifact id: 'c773512ed9ece987c464d6b56b255adf') in 0.014383 seconds
Number of updated asset objects reloaded before import = 0
Number of asset objects unloaded after import = 30
========================================================================
Received Import Request.
  Time since last request: 5.621529 seconds.
  path: Assets/Resources/UI/Main/NameInputField.prefab
  artifactKey: Guid(951092f00fc51cc4baec79c75dbffad9) Importer(815301076,1909f56bfc062723c751e8b465ee728b)
Start importing Assets/Resources/UI/Main/NameInputField.prefab using Guid(951092f00fc51cc4baec79c75dbffad9) Importer(815301076,1909f56bfc062723c751e8b465ee728b)  -> (artifact id: '814390a5076d34b4f2c71123c626c285') in 0.014309 seconds
Number of updated asset objects reloaded before import = 0
Number of asset objects unloaded after import = 30
========================================================================
Received Import Request.
  Time since last request: 3.587510 seconds.
  path: Assets/Resources/UI/Main/AddDeviceWindow.prefab
  artifactKey: Guid(b5f6b23f745ed82488bd105f1d036dfb) Importer(815301076,1909f56bfc062723c751e8b465ee728b)
Start importing Assets/Resources/UI/Main/AddDeviceWindow.prefab using Guid(b5f6b23f745ed82488bd105f1d036dfb) Importer(815301076,1909f56bfc062723c751e8b465ee728b)  -> (artifact id: '96da0edf820252a0461728be64c78c71') in 0.019987 seconds
Number of updated asset objects reloaded before import = 0
Number of asset objects unloaded after import = 140
========================================================================
Received Import Request.
  Time since last request: 2.051751 seconds.
  path: Assets/Resources/UI/Main/AddDeviceWindow.prefab
  artifactKey: Guid(b5f6b23f745ed82488bd105f1d036dfb) Importer(815301076,1909f56bfc062723c751e8b465ee728b)
Start importing Assets/Resources/UI/Main/AddDeviceWindow.prefab using Guid(b5f6b23f745ed82488bd105f1d036dfb) Importer(815301076,1909f56bfc062723c751e8b465ee728b)  -> (artifact id: '0e1bd415c33d45ce6e33f9593fd9ec61') in 0.016101 seconds
Number of updated asset objects reloaded before import = 0
Number of asset objects unloaded after import = 140
========================================================================
Received Import Request.
  Time since last request: 21.444218 seconds.
  path: Assets/Resources/UI/Main/ShortNameInputField.prefab
  artifactKey: Guid(738791cf6692531428938bb1a1970613) Importer(815301076,1909f56bfc062723c751e8b465ee728b)
Start importing Assets/Resources/UI/Main/ShortNameInputField.prefab using Guid(738791cf6692531428938bb1a1970613) Importer(815301076,1909f56bfc062723c751e8b465ee728b)  -> (artifact id: 'f1964e2d66e46a73913ccca02bd6f21c') in 0.014752 seconds
Number of updated asset objects reloaded before import = 0
Number of asset objects unloaded after import = 30
========================================================================
Received Import Request.
  Time since last request: 3.808992 seconds.
  path: Assets/Resources/UI/Main/ShortNameInputField.prefab
  artifactKey: Guid(738791cf6692531428938bb1a1970613) Importer(815301076,1909f56bfc062723c751e8b465ee728b)
Start importing Assets/Resources/UI/Main/ShortNameInputField.prefab using Guid(738791cf6692531428938bb1a1970613) Importer(815301076,1909f56bfc062723c751e8b465ee728b)  -> (artifact id: 'e5c843049bf0c7c38f6d00b44f0fca84') in 0.014254 seconds
Number of updated asset objects reloaded before import = 0
Number of asset objects unloaded after import = 30
========================================================================
Received Import Request.
  Time since last request: 9.852555 seconds.
  path: Assets/Resources/UI/Main/ShortNameInputField.prefab
  artifactKey: Guid(738791cf6692531428938bb1a1970613) Importer(815301076,1909f56bfc062723c751e8b465ee728b)
Start importing Assets/Resources/UI/Main/ShortNameInputField.prefab using Guid(738791cf6692531428938bb1a1970613) Importer(815301076,1909f56bfc062723c751e8b465ee728b)  -> (artifact id: '4f49d76b754f721633d4b5dd12976c44') in 0.014273 seconds
Number of updated asset objects reloaded before import = 0
Number of asset objects unloaded after import = 30
========================================================================
Received Import Request.
  Time since last request: 7.658620 seconds.
  path: Assets/Resources/UI/Main/ShortNameInputField.prefab
  artifactKey: Guid(738791cf6692531428938bb1a1970613) Importer(815301076,1909f56bfc062723c751e8b465ee728b)
Start importing Assets/Resources/UI/Main/ShortNameInputField.prefab using Guid(738791cf6692531428938bb1a1970613) Importer(815301076,1909f56bfc062723c751e8b465ee728b)  -> (artifact id: 'c6c488415cdaa00e34accadb785103ee') in 0.014220 seconds
Number of updated asset objects reloaded before import = 0
Number of asset objects unloaded after import = 30
========================================================================
Received Import Request.
  Time since last request: 47.494947 seconds.
  path: Assets/Resources/UI/Main/ShortNameInputField.prefab
  artifactKey: Guid(738791cf6692531428938bb1a1970613) Importer(815301076,1909f56bfc062723c751e8b465ee728b)
Start importing Assets/Resources/UI/Main/ShortNameInputField.prefab using Guid(738791cf6692531428938bb1a1970613) Importer(815301076,1909f56bfc062723c751e8b465ee728b)  -> (artifact id: '6e52bf05c347d714d7f906e546d6a1b9') in 0.014313 seconds
Number of updated asset objects reloaded before import = 0
Number of asset objects unloaded after import = 31
========================================================================
Received Import Request.
  Time since last request: 5.988582 seconds.
  path: Assets/Resources/UI/Main/ShortNameInputField.prefab
  artifactKey: Guid(738791cf6692531428938bb1a1970613) Importer(815301076,1909f56bfc062723c751e8b465ee728b)
Start importing Assets/Resources/UI/Main/ShortNameInputField.prefab using Guid(738791cf6692531428938bb1a1970613) Importer(815301076,1909f56bfc062723c751e8b465ee728b)  -> (artifact id: 'b88026363f3cf8a40474f4483e2f614c') in 0.015122 seconds
Number of updated asset objects reloaded before import = 0
Number of asset objects unloaded after import = 31
========================================================================
Received Import Request.
  Time since last request: 0.582570 seconds.
  path: Assets/Resources/UI/Main/ShortNameInputField.prefab
  artifactKey: Guid(738791cf6692531428938bb1a1970613) Importer(815301076,1909f56bfc062723c751e8b465ee728b)
Start importing Assets/Resources/UI/Main/ShortNameInputField.prefab using Guid(738791cf6692531428938bb1a1970613) Importer(815301076,1909f56bfc062723c751e8b465ee728b)  -> (artifact id: '383b4382d9ec288bc2b813a6c2511d72') in 0.015027 seconds
Number of updated asset objects reloaded before import = 0
Number of asset objects unloaded after import = 31
========================================================================
Received Import Request.
  Time since last request: 3.023826 seconds.
  path: Assets/Resources/UI/Main/ShortNameInputField.prefab
  artifactKey: Guid(738791cf6692531428938bb1a1970613) Importer(815301076,1909f56bfc062723c751e8b465ee728b)
Start importing Assets/Resources/UI/Main/ShortNameInputField.prefab using Guid(738791cf6692531428938bb1a1970613) Importer(815301076,1909f56bfc062723c751e8b465ee728b)  -> (artifact id: 'fe3ca9ab6b7d548f8f3b756b7ba21edc') in 0.014250 seconds
Number of updated asset objects reloaded before import = 0
Number of asset objects unloaded after import = 31
========================================================================
Received Import Request.
  Time since last request: 0.798069 seconds.
  path: Assets/Resources/UI/Main/ShortNameInputField.prefab
  artifactKey: Guid(738791cf6692531428938bb1a1970613) Importer(815301076,1909f56bfc062723c751e8b465ee728b)
Start importing Assets/Resources/UI/Main/ShortNameInputField.prefab using Guid(738791cf6692531428938bb1a1970613) Importer(815301076,1909f56bfc062723c751e8b465ee728b)  -> (artifact id: '158b0759252e42e10bf3a4050f570eb3') in 0.014953 seconds
Number of updated asset objects reloaded before import = 0
Number of asset objects unloaded after import = 31
========================================================================
Received Import Request.
  Time since last request: 39.105594 seconds.
  path: Assets/Resources/UI/Main/ShortNameInputField.prefab
  artifactKey: Guid(738791cf6692531428938bb1a1970613) Importer(815301076,1909f56bfc062723c751e8b465ee728b)
Start importing Assets/Resources/UI/Main/ShortNameInputField.prefab using Guid(738791cf6692531428938bb1a1970613) Importer(815301076,1909f56bfc062723c751e8b465ee728b)  -> (artifact id: '265e9fc75f90a72b0e2da1902e8f587f') in 0.013839 seconds
Number of updated asset objects reloaded before import = 0
Number of asset objects unloaded after import = 32
========================================================================
Received Import Request.
  Time since last request: 6.429197 seconds.
  path: Assets/Resources/UI/Main/ShortNameInputField.prefab
  artifactKey: Guid(738791cf6692531428938bb1a1970613) Importer(815301076,1909f56bfc062723c751e8b465ee728b)
Start importing Assets/Resources/UI/Main/ShortNameInputField.prefab using Guid(738791cf6692531428938bb1a1970613) Importer(815301076,1909f56bfc062723c751e8b465ee728b)  -> (artifact id: '66c93ef1fc4d8222e63ec07c61682fee') in 0.014680 seconds
Number of updated asset objects reloaded before import = 0
Number of asset objects unloaded after import = 32
========================================================================
Received Import Request.
  Time since last request: 3.604093 seconds.
  path: Assets/Resources/UI/Main/ShortNameInputField.prefab
  artifactKey: Guid(738791cf6692531428938bb1a1970613) Importer(815301076,1909f56bfc062723c751e8b465ee728b)
Start importing Assets/Resources/UI/Main/ShortNameInputField.prefab using Guid(738791cf6692531428938bb1a1970613) Importer(815301076,1909f56bfc062723c751e8b465ee728b)  -> (artifact id: 'f11ec1ca6ae3b8d077161b152e16c294') in 0.014952 seconds
Number of updated asset objects reloaded before import = 0
Number of asset objects unloaded after import = 32
========================================================================
Received Import Request.
  Time since last request: 1.798204 seconds.
  path: Assets/Resources/UI/Main/ShortNameInputField.prefab
  artifactKey: Guid(738791cf6692531428938bb1a1970613) Importer(815301076,1909f56bfc062723c751e8b465ee728b)
Start importing Assets/Resources/UI/Main/ShortNameInputField.prefab using Guid(738791cf6692531428938bb1a1970613) Importer(815301076,1909f56bfc062723c751e8b465ee728b)  -> (artifact id: 'dd9469046961378a420f47b1a131882f') in 0.014230 seconds
Number of updated asset objects reloaded before import = 0
Number of asset objects unloaded after import = 32
========================================================================
Received Import Request.
  Time since last request: 0.794213 seconds.
  path: Assets/Resources/UI/Main/ShortNameInputField.prefab
  artifactKey: Guid(738791cf6692531428938bb1a1970613) Importer(815301076,1909f56bfc062723c751e8b465ee728b)
Start importing Assets/Resources/UI/Main/ShortNameInputField.prefab using Guid(738791cf6692531428938bb1a1970613) Importer(815301076,1909f56bfc062723c751e8b465ee728b)  -> (artifact id: 'bb29cd79274c57b6bcaa247bdbf187fc') in 0.014281 seconds
Number of updated asset objects reloaded before import = 0
Number of asset objects unloaded after import = 32
========================================================================
Received Import Request.
  Time since last request: 3.407685 seconds.
  path: Assets/Resources/UI/Main/ShortNameInputField.prefab
  artifactKey: Guid(738791cf6692531428938bb1a1970613) Importer(815301076,1909f56bfc062723c751e8b465ee728b)
Start importing Assets/Resources/UI/Main/ShortNameInputField.prefab using Guid(738791cf6692531428938bb1a1970613) Importer(815301076,1909f56bfc062723c751e8b465ee728b)  -> (artifact id: '3d703915e27449898c8b45558ee66ff0') in 0.015189 seconds
Number of updated asset objects reloaded before import = 0
Number of asset objects unloaded after import = 32
========================================================================
Received Import Request.
  Time since last request: 15.582263 seconds.
  path: Assets/Resources/UI/Main/ShortNameInputField.prefab
  artifactKey: Guid(738791cf6692531428938bb1a1970613) Importer(815301076,1909f56bfc062723c751e8b465ee728b)
Start importing Assets/Resources/UI/Main/ShortNameInputField.prefab using Guid(738791cf6692531428938bb1a1970613) Importer(815301076,1909f56bfc062723c751e8b465ee728b)  -> (artifact id: '42c3e36cd9a527fd222e56dff89489d2') in 0.014503 seconds
Number of updated asset objects reloaded before import = 0
Number of asset objects unloaded after import = 32
========================================================================
Received Import Request.
  Time since last request: 83.615080 seconds.
  path: Assets/Resources/UI/Main/ShortNameInputField.prefab
  artifactKey: Guid(738791cf6692531428938bb1a1970613) Importer(815301076,1909f56bfc062723c751e8b465ee728b)
Start importing Assets/Resources/UI/Main/ShortNameInputField.prefab using Guid(738791cf6692531428938bb1a1970613) Importer(815301076,1909f56bfc062723c751e8b465ee728b)  -> (artifact id: '3a4abd0372be0c19583e72dfecae1025') in 0.015079 seconds
Number of updated asset objects reloaded before import = 0
Number of asset objects unloaded after import = 32
========================================================================
Received Import Request.
  Time since last request: 10.024251 seconds.
  path: Assets/Resources/UI/Main/ShortNameInputField.prefab
  artifactKey: Guid(738791cf6692531428938bb1a1970613) Importer(815301076,1909f56bfc062723c751e8b465ee728b)
Start importing Assets/Resources/UI/Main/ShortNameInputField.prefab using Guid(738791cf6692531428938bb1a1970613) Importer(815301076,1909f56bfc062723c751e8b465ee728b)  -> (artifact id: 'd576f2616472143b3f6d7b2bc7913926') in 0.014133 seconds
Number of updated asset objects reloaded before import = 0
Number of asset objects unloaded after import = 32
========================================================================
Received Import Request.
  Time since last request: 0.586157 seconds.
  path: Assets/Resources/UI/Main/ShortNameInputField.prefab
  artifactKey: Guid(738791cf6692531428938bb1a1970613) Importer(815301076,1909f56bfc062723c751e8b465ee728b)
Start importing Assets/Resources/UI/Main/ShortNameInputField.prefab using Guid(738791cf6692531428938bb1a1970613) Importer(815301076,1909f56bfc062723c751e8b465ee728b)  -> (artifact id: '02d683f22bad8e84a273eca6c1ad959e') in 0.014965 seconds
Number of updated asset objects reloaded before import = 0
Number of asset objects unloaded after import = 32
========================================================================
Received Import Request.
  Time since last request: 2.203792 seconds.
  path: Assets/Resources/UI/Main/ShortNameInputField.prefab
  artifactKey: Guid(738791cf6692531428938bb1a1970613) Importer(815301076,1909f56bfc062723c751e8b465ee728b)
Start importing Assets/Resources/UI/Main/ShortNameInputField.prefab using Guid(738791cf6692531428938bb1a1970613) Importer(815301076,1909f56bfc062723c751e8b465ee728b)  -> (artifact id: '8f5e863b9517210a2ae9a69090ab6da1') in 0.015425 seconds
Number of updated asset objects reloaded before import = 0
Number of asset objects unloaded after import = 32
========================================================================
Received Import Request.
  Time since last request: 0.588997 seconds.
  path: Assets/Resources/UI/Main/ShortNameInputField.prefab
  artifactKey: Guid(738791cf6692531428938bb1a1970613) Importer(815301076,1909f56bfc062723c751e8b465ee728b)
Start importing Assets/Resources/UI/Main/ShortNameInputField.prefab using Guid(738791cf6692531428938bb1a1970613) Importer(815301076,1909f56bfc062723c751e8b465ee728b)  -> (artifact id: '161f808931a37871de801e04e1ca4d81') in 0.014391 seconds
Number of updated asset objects reloaded before import = 0
Number of asset objects unloaded after import = 32
========================================================================
Received Import Request.
  Time since last request: 44.622419 seconds.
  path: Assets/Resources/UI/Main/ShortNameInputField.prefab
  artifactKey: Guid(738791cf6692531428938bb1a1970613) Importer(815301076,1909f56bfc062723c751e8b465ee728b)
Start importing Assets/Resources/UI/Main/ShortNameInputField.prefab using Guid(738791cf6692531428938bb1a1970613) Importer(815301076,1909f56bfc062723c751e8b465ee728b)  -> (artifact id: '16f40ba28abfe2a15c752982ffd5d7b4') in 0.014235 seconds
Number of updated asset objects reloaded before import = 0
Number of asset objects unloaded after import = 33
========================================================================
Received Import Request.
  Time since last request: 1.661366 seconds.
  path: Assets/Resources/UI/Main/ShortNameInputField.prefab
  artifactKey: Guid(738791cf6692531428938bb1a1970613) Importer(815301076,1909f56bfc062723c751e8b465ee728b)
Start importing Assets/Resources/UI/Main/ShortNameInputField.prefab using Guid(738791cf6692531428938bb1a1970613) Importer(815301076,1909f56bfc062723c751e8b465ee728b)  -> (artifact id: '0bff09732ea22ae47214e64e532f37b1') in 0.013707 seconds
Number of updated asset objects reloaded before import = 0
Number of asset objects unloaded after import = 33
========================================================================
Received Import Request.
  Time since last request: 1.358940 seconds.
  path: Assets/Resources/UI/Main/ShortNameInputField.prefab
  artifactKey: Guid(738791cf6692531428938bb1a1970613) Importer(815301076,1909f56bfc062723c751e8b465ee728b)
Start importing Assets/Resources/UI/Main/ShortNameInputField.prefab using Guid(738791cf6692531428938bb1a1970613) Importer(815301076,1909f56bfc062723c751e8b465ee728b)  -> (artifact id: '5f1e9d7832db43e322a8bb8836aab15a') in 0.018320 seconds
Number of updated asset objects reloaded before import = 0
Number of asset objects unloaded after import = 33
========================================================================
Received Import Request.
  Time since last request: 63.750387 seconds.
  path: Assets/Resources/UI/Main/ShortNameInputField.prefab
  artifactKey: Guid(738791cf6692531428938bb1a1970613) Importer(815301076,1909f56bfc062723c751e8b465ee728b)
Start importing Assets/Resources/UI/Main/ShortNameInputField.prefab using Guid(738791cf6692531428938bb1a1970613) Importer(815301076,1909f56bfc062723c751e8b465ee728b)  -> (artifact id: '0f8378e10c9c29a8e558a8604a4ef194') in 0.014067 seconds
Number of updated asset objects reloaded before import = 0
Number of asset objects unloaded after import = 33
========================================================================
Received Import Request.
  Time since last request: 45.687935 seconds.
  path: Assets/Resources/UI/Main/ShortNameInputField.prefab
  artifactKey: Guid(738791cf6692531428938bb1a1970613) Importer(815301076,1909f56bfc062723c751e8b465ee728b)
Start importing Assets/Resources/UI/Main/ShortNameInputField.prefab using Guid(738791cf6692531428938bb1a1970613) Importer(815301076,1909f56bfc062723c751e8b465ee728b)  -> (artifact id: '2b638b12eb8f0dec8c865110b956448c') in 0.015018 seconds
Number of updated asset objects reloaded before import = 0
Number of asset objects unloaded after import = 33
========================================================================
Received Import Request.
  Time since last request: 137.591411 seconds.
  path: Assets/Resources/UI/Main/ShortNameInputField.prefab
  artifactKey: Guid(738791cf6692531428938bb1a1970613) Importer(815301076,1909f56bfc062723c751e8b465ee728b)
Start importing Assets/Resources/UI/Main/ShortNameInputField.prefab using Guid(738791cf6692531428938bb1a1970613) Importer(815301076,1909f56bfc062723c751e8b465ee728b)  -> (artifact id: 'd34cf05a0944bb5940c4f53bfdcd0e19') in 0.015724 seconds
Number of updated asset objects reloaded before import = 0
Number of asset objects unloaded after import = 32
========================================================================
Received Import Request.
  Time since last request: 22.234085 seconds.
  path: Assets/Resources/UI/Main/ShortNameInputField.prefab
  artifactKey: Guid(738791cf6692531428938bb1a1970613) Importer(815301076,1909f56bfc062723c751e8b465ee728b)
Start importing Assets/Resources/UI/Main/ShortNameInputField.prefab using Guid(738791cf6692531428938bb1a1970613) Importer(815301076,1909f56bfc062723c751e8b465ee728b)  -> (artifact id: '27d7b26e618fc4a5ccd51741a009a1b3') in 0.014633 seconds
Number of updated asset objects reloaded before import = 0
Number of asset objects unloaded after import = 31
========================================================================
Received Import Request.
  Time since last request: 56.647758 seconds.
  path: Assets/Resources/UI/Main/ShortNameInputField.prefab
  artifactKey: Guid(738791cf6692531428938bb1a1970613) Importer(815301076,1909f56bfc062723c751e8b465ee728b)
Start importing Assets/Resources/UI/Main/ShortNameInputField.prefab using Guid(738791cf6692531428938bb1a1970613) Importer(815301076,1909f56bfc062723c751e8b465ee728b)  -> (artifact id: '73c8d0a16d7b077f5c94b24eaf3594be') in 0.016264 seconds
Number of updated asset objects reloaded before import = 0
Number of asset objects unloaded after import = 31
========================================================================
Received Import Request.
  Time since last request: 3.816265 seconds.
  path: Assets/Resources/UI/Main/ShortNameInputField.prefab
  artifactKey: Guid(738791cf6692531428938bb1a1970613) Importer(815301076,1909f56bfc062723c751e8b465ee728b)
Start importing Assets/Resources/UI/Main/ShortNameInputField.prefab using Guid(738791cf6692531428938bb1a1970613) Importer(815301076,1909f56bfc062723c751e8b465ee728b)  -> (artifact id: 'c900e486d12ddfe204b30744913639c1') in 0.014936 seconds
Number of updated asset objects reloaded before import = 0
Number of asset objects unloaded after import = 31
========================================================================
Received Import Request.
  Time since last request: 0.392071 seconds.
  path: Assets/Resources/UI/Main/ShortNameInputField.prefab
  artifactKey: Guid(738791cf6692531428938bb1a1970613) Importer(815301076,1909f56bfc062723c751e8b465ee728b)
Start importing Assets/Resources/UI/Main/ShortNameInputField.prefab using Guid(738791cf6692531428938bb1a1970613) Importer(815301076,1909f56bfc062723c751e8b465ee728b)  -> (artifact id: '69813fd29333e095dec19b19907591b3') in 0.016157 seconds
Number of updated asset objects reloaded before import = 0
Number of asset objects unloaded after import = 31
========================================================================
Received Import Request.
  Time since last request: 1.184471 seconds.
  path: Assets/Resources/UI/Main/ShortNameInputField.prefab
  artifactKey: Guid(738791cf6692531428938bb1a1970613) Importer(815301076,1909f56bfc062723c751e8b465ee728b)
Start importing Assets/Resources/UI/Main/ShortNameInputField.prefab using Guid(738791cf6692531428938bb1a1970613) Importer(815301076,1909f56bfc062723c751e8b465ee728b)  -> (artifact id: '30a985471c54bc2df6d6ae847895edb8') in 0.015869 seconds
Number of updated asset objects reloaded before import = 0
Number of asset objects unloaded after import = 31
========================================================================
Received Import Request.
  Time since last request: 0.617628 seconds.
  path: Assets/Resources/UI/Main/ShortNameInputField.prefab
  artifactKey: Guid(738791cf6692531428938bb1a1970613) Importer(815301076,1909f56bfc062723c751e8b465ee728b)
Start importing Assets/Resources/UI/Main/ShortNameInputField.prefab using Guid(738791cf6692531428938bb1a1970613) Importer(815301076,1909f56bfc062723c751e8b465ee728b)  -> (artifact id: '5e6239a8fbaf3635afa840bf2b16cbac') in 0.020158 seconds
Number of updated asset objects reloaded before import = 0
Number of asset objects unloaded after import = 31
========================================================================
Received Import Request.
  Time since last request: 51.022119 seconds.
  path: Assets/Resources/UI/Main/NameInputField.prefab
  artifactKey: Guid(951092f00fc51cc4baec79c75dbffad9) Importer(815301076,1909f56bfc062723c751e8b465ee728b)
Start importing Assets/Resources/UI/Main/NameInputField.prefab using Guid(951092f00fc51cc4baec79c75dbffad9) Importer(815301076,1909f56bfc062723c751e8b465ee728b)  -> (artifact id: '8c172da0787c719d0eb2bde5a9c88082') in 0.015468 seconds
Number of updated asset objects reloaded before import = 0
Number of asset objects unloaded after import = 30
========================================================================
Received Import Request.
  Time since last request: 3.822122 seconds.
  path: Assets/Resources/UI/Main/NameInputField.prefab
  artifactKey: Guid(951092f00fc51cc4baec79c75dbffad9) Importer(815301076,1909f56bfc062723c751e8b465ee728b)
Start importing Assets/Resources/UI/Main/NameInputField.prefab using Guid(951092f00fc51cc4baec79c75dbffad9) Importer(815301076,1909f56bfc062723c751e8b465ee728b)  -> (artifact id: '96d5c0aecdb00530eb0a2b31c1111f88') in 0.014096 seconds
Number of updated asset objects reloaded before import = 0
Number of asset objects unloaded after import = 30
========================================================================
Received Import Request.
  Time since last request: 2.005504 seconds.
  path: Assets/Resources/UI/Main/NameInputField.prefab
  artifactKey: Guid(951092f00fc51cc4baec79c75dbffad9) Importer(815301076,1909f56bfc062723c751e8b465ee728b)
Start importing Assets/Resources/UI/Main/NameInputField.prefab using Guid(951092f00fc51cc4baec79c75dbffad9) Importer(815301076,1909f56bfc062723c751e8b465ee728b)  -> (artifact id: '2ccd2544af2a5fceef9e95b4b68dbc21') in 0.015628 seconds
Number of updated asset objects reloaded before import = 0
Number of asset objects unloaded after import = 30
========================================================================
Received Import Request.
  Time since last request: 4.024348 seconds.
  path: Assets/Resources/UI/Main/NameInputField.prefab
  artifactKey: Guid(951092f00fc51cc4baec79c75dbffad9) Importer(815301076,1909f56bfc062723c751e8b465ee728b)
Start importing Assets/Resources/UI/Main/NameInputField.prefab using Guid(951092f00fc51cc4baec79c75dbffad9) Importer(815301076,1909f56bfc062723c751e8b465ee728b)  -> (artifact id: '57fe6ae2bc1ff02d3dd862425628188e') in 0.014369 seconds
Number of updated asset objects reloaded before import = 0
Number of asset objects unloaded after import = 30
========================================================================
Received Import Request.
  Time since last request: 0.594247 seconds.
  path: Assets/Resources/UI/Main/NameInputField.prefab
  artifactKey: Guid(951092f00fc51cc4baec79c75dbffad9) Importer(815301076,1909f56bfc062723c751e8b465ee728b)
Start importing Assets/Resources/UI/Main/NameInputField.prefab using Guid(951092f00fc51cc4baec79c75dbffad9) Importer(815301076,1909f56bfc062723c751e8b465ee728b)  -> (artifact id: '6a93800178b91fe6a79cd03e38d1cb1d') in 0.014794 seconds
Number of updated asset objects reloaded before import = 0
Number of asset objects unloaded after import = 30
========================================================================
Received Import Request.
  Time since last request: 4006.465587 seconds.
  path: Assets/Resources/UI/Main/ShortNameInputField.prefab
  artifactKey: Guid(738791cf6692531428938bb1a1970613) Importer(815301076,1909f56bfc062723c751e8b465ee728b)
Start importing Assets/Resources/UI/Main/ShortNameInputField.prefab using Guid(738791cf6692531428938bb1a1970613) Importer(815301076,1909f56bfc062723c751e8b465ee728b)  -> (artifact id: '36fe83109bde6b085939424f2555c195') in 0.021460 seconds
Number of updated asset objects reloaded before import = 0
Number of asset objects unloaded after import = 31
========================================================================
Received Import Request.
  Time since last request: 6.035278 seconds.
  path: Assets/Resources/UI/Main/NameInputField.prefab
  artifactKey: Guid(951092f00fc51cc4baec79c75dbffad9) Importer(815301076,1909f56bfc062723c751e8b465ee728b)
Start importing Assets/Resources/UI/Main/NameInputField.prefab using Guid(951092f00fc51cc4baec79c75dbffad9) Importer(815301076,1909f56bfc062723c751e8b465ee728b)  -> (artifact id: 'b5685f03971a9a19b54f5339d67a16e9') in 0.015587 seconds
Number of updated asset objects reloaded before import = 0
Number of asset objects unloaded after import = 30
========================================================================
Received Import Request.
  Time since last request: 93.703505 seconds.
  path: Assets/Resources/UI/Main/ShortNameInputField.prefab
  artifactKey: Guid(738791cf6692531428938bb1a1970613) Importer(815301076,1909f56bfc062723c751e8b465ee728b)
Start importing Assets/Resources/UI/Main/ShortNameInputField.prefab using Guid(738791cf6692531428938bb1a1970613) Importer(815301076,1909f56bfc062723c751e8b465ee728b)  -> (artifact id: '2a8ab0588473329437db213fde02fd26') in 0.016092 seconds
Number of updated asset objects reloaded before import = 0
Number of asset objects unloaded after import = 31
========================================================================
Received Import Request.
  Time since last request: 3.425286 seconds.
  path: Assets/Resources/UI/Main/ShortNameInputField.prefab
  artifactKey: Guid(738791cf6692531428938bb1a1970613) Importer(815301076,1909f56bfc062723c751e8b465ee728b)
Start importing Assets/Resources/UI/Main/ShortNameInputField.prefab using Guid(738791cf6692531428938bb1a1970613) Importer(815301076,1909f56bfc062723c751e8b465ee728b)  -> (artifact id: 'bc031d5997fe59091bc406a63a567dbc') in 0.014686 seconds
Number of updated asset objects reloaded before import = 0
Number of asset objects unloaded after import = 31
========================================================================
Received Import Request.
  Time since last request: 4.650893 seconds.
  path: Assets/Resources/UI/Main/NameInputField.prefab
  artifactKey: Guid(951092f00fc51cc4baec79c75dbffad9) Importer(815301076,1909f56bfc062723c751e8b465ee728b)
Start importing Assets/Resources/UI/Main/NameInputField.prefab using Guid(951092f00fc51cc4baec79c75dbffad9) Importer(815301076,1909f56bfc062723c751e8b465ee728b)  -> (artifact id: '75f59eb1cb8898f9ba1c003cb6f4d494') in 0.015181 seconds
Number of updated asset objects reloaded before import = 0
Number of asset objects unloaded after import = 30
========================================================================
Received Import Request.
  Time since last request: 3.394998 seconds.
  path: Assets/Resources/UI/Main/NameInputField.prefab
  artifactKey: Guid(951092f00fc51cc4baec79c75dbffad9) Importer(815301076,1909f56bfc062723c751e8b465ee728b)
Start importing Assets/Resources/UI/Main/NameInputField.prefab using Guid(951092f00fc51cc4baec79c75dbffad9) Importer(815301076,1909f56bfc062723c751e8b465ee728b)  -> (artifact id: '9ce47347062d80e2bf61adf18a5fe711') in 0.014415 seconds
Number of updated asset objects reloaded before import = 0
Number of asset objects unloaded after import = 30
========================================================================
Received Import Request.
  Time since last request: 164.843304 seconds.
  path: Assets/Resources/UI/Main/NameInputField.prefab
  artifactKey: Guid(951092f00fc51cc4baec79c75dbffad9) Importer(815301076,1909f56bfc062723c751e8b465ee728b)
Start importing Assets/Resources/UI/Main/NameInputField.prefab using Guid(951092f00fc51cc4baec79c75dbffad9) Importer(815301076,1909f56bfc062723c751e8b465ee728b)  -> (artifact id: '6e017dec471df6e290dcf23a2eabf7e5') in 0.015313 seconds
Number of updated asset objects reloaded before import = 0
Number of asset objects unloaded after import = 35
========================================================================
Received Import Request.
  Time since last request: 7.664421 seconds.
  path: Assets/Resources/UI/Main/NameInputField.prefab
  artifactKey: Guid(951092f00fc51cc4baec79c75dbffad9) Importer(815301076,1909f56bfc062723c751e8b465ee728b)
Start importing Assets/Resources/UI/Main/NameInputField.prefab using Guid(951092f00fc51cc4baec79c75dbffad9) Importer(815301076,1909f56bfc062723c751e8b465ee728b)  -> (artifact id: '2f81bac90f89ebcdebd59b87aedf8c4c') in 0.014955 seconds
Number of updated asset objects reloaded before import = 0
Number of asset objects unloaded after import = 35
========================================================================
Received Import Request.
  Time since last request: 7.045106 seconds.
  path: Assets/Resources/UI/Main/NameInputField.prefab
  artifactKey: Guid(951092f00fc51cc4baec79c75dbffad9) Importer(815301076,1909f56bfc062723c751e8b465ee728b)
Start importing Assets/Resources/UI/Main/NameInputField.prefab using Guid(951092f00fc51cc4baec79c75dbffad9) Importer(815301076,1909f56bfc062723c751e8b465ee728b)  -> (artifact id: 'c54d7a33908ed554970492051a77555e') in 0.014801 seconds
Number of updated asset objects reloaded before import = 0
Number of asset objects unloaded after import = 35
